SF:lib/models/location.dart
DA:12,6
DA:25,1
DA:26,1
DA:27,1
DA:28,1
DA:29,1
DA:30,1
DA:31,1
DA:32,1
DA:33,1
DA:34,1
DA:35,2
DA:40,1
DA:41,1
DA:42,1
DA:43,1
DA:44,1
DA:45,1
DA:46,1
DA:47,1
DA:48,1
DA:49,1
DA:50,2
DA:55,1
DA:66,1
DA:67,1
DA:68,0
DA:69,1
DA:70,1
DA:71,1
DA:72,1
DA:73,1
DA:74,0
DA:75,1
LF:34
LH:32
end_of_record
SF:lib/models/geofence_event.dart
DA:13,2
DA:25,1
DA:26,1
DA:27,1
DA:28,1
DA:29,1
DA:30,2
DA:31,1
DA:32,1
DA:33,2
DA:34,1
DA:39,1
DA:40,1
DA:41,1
DA:42,1
DA:43,1
DA:44,1
DA:45,4
DA:47,1
DA:48,1
DA:49,2
DA:50,1
DA:55,1
DA:56,1
DA:57,1
DA:59,1
DA:65,1
DA:66,1
DA:67,1
DA:69,0
LF:30
LH:29
end_of_record
SF:lib/models/job.dart
DA:12,0
DA:25,0
DA:26,0
DA:27,0
DA:28,0
DA:29,0
DA:30,0
DA:31,0
DA:32,0
DA:33,0
DA:34,0
DA:35,0
DA:40,0
DA:41,0
DA:42,0
DA:43,0
DA:44,0
DA:45,0
DA:46,0
DA:47,0
DA:48,0
DA:49,0
DA:50,0
DA:55,0
DA:66,0
DA:67,0
DA:68,0
DA:69,0
DA:70,0
DA:71,0
DA:72,0
DA:73,0
DA:74,0
DA:75,0
LF:34
LH:0
end_of_record
SF:lib/repositories/location_repository.dart
DA:16,3
DA:19,3
DA:20,3
DA:22,3
DA:25,6
DA:27,4
DA:28,2
DA:32,2
DA:35,4
DA:37,4
DA:42,1
DA:45,2
DA:47,2
DA:52,3
DA:55,6
DA:57,0
DA:58,0
LF:17
LH:15
end_of_record
SF:lib/services/mock_api_service.dart
DA:4,9
DA:5,6
DA:6,3
DA:9,3
DA:11,3
DA:13,3
DA:15,3
DA:23,6
DA:25,3
DA:33,6
DA:35,3
DA:43,6
DA:47,3
DA:55,6
DA:57,3
DA:65,6
DA:67,3
DA:75,6
DA:77,3
DA:85,6
DA:89,3
DA:97,6
DA:99,3
DA:107,6
DA:109,3
DA:117,6
DA:119,3
DA:127,6
DA:129,3
DA:137,6
DA:143,0
DA:145,0
DA:146,0
DA:150,0
DA:151,0
LF:35
LH:30
end_of_record
SF:lib/services/storage_service.dart
DA:8,12
DA:9,8
DA:10,4
DA:18,0
DA:19,0
DA:20,0
DA:21,0
DA:25,0
DA:26,0
DA:27,0
DA:30,0
DA:34,0
DA:35,0
DA:37,0
DA:38,0
DA:43,0
DA:44,0
DA:45,0
DA:46,0
DA:50,0
DA:51,0
DA:52,0
DA:54,0
DA:55,0
DA:56,0
DA:61,0
DA:62,0
DA:63,0
DA:64,0
DA:68,0
DA:69,0
DA:71,0
DA:78,0
DA:79,0
DA:80,0
DA:85,3
DA:86,3
DA:88,0
DA:89,0
DA:90,0
DA:94,4
DA:95,4
DA:96,0
DA:99,0
DA:103,0
DA:104,0
DA:106,0
DA:107,0
DA:112,1
DA:113,1
DA:114,0
DA:116,0
DA:117,0
DA:118,0
DA:119,0
DA:125,1
DA:126,1
DA:127,0
DA:128,0
DA:132,1
DA:133,1
DA:134,0
DA:137,0
DA:141,0
DA:142,0
DA:144,0
DA:145,0
DA:150,1
DA:151,1
DA:152,0
DA:153,0
DA:157,0
DA:158,0
DA:159,0
DA:163,0
DA:164,0
DA:165,0
DA:167,0
DA:168,0
DA:172,1
DA:173,1
DA:174,0
DA:178,0
DA:182,0
DA:184,0
DA:185,0
DA:186,0
DA:188,0
LF:88
LH:17
end_of_record
SF:lib/blocs/location/location_bloc.dart
DA:10,2
DA:12,4
DA:13,4
DA:14,4
DA:15,4
DA:16,4
DA:17,4
DA:20,2
DA:24,4
DA:26,4
DA:27,2
DA:28,1
DA:29,1
DA:32,0
DA:36,2
DA:41,2
DA:42,2
DA:43,4
DA:46,1
DA:47,1
DA:49,2
DA:50,1
DA:51,4
DA:53,2
DA:54,1
DA:58,2
DA:61,0
DA:62,0
DA:63,0
DA:64,0
DA:70,3
DA:74,1
DA:79,2
DA:80,1
DA:81,1
DA:83,0
DA:84,0
DA:85,0
DA:86,0
DA:91,0
DA:93,3
DA:97,1
DA:102,2
DA:103,2
DA:104,2
DA:107,0
DA:108,0
DA:109,0
DA:110,0
DA:116,3
DA:120,0
DA:125,0
DA:126,0
DA:127,0
DA:130,0
DA:131,0
DA:132,0
DA:133,0
DA:139,0
LF:59
LH:36
end_of_record
SF:lib/blocs/location/location_event.dart
DA:5,19
DA:7,0
DA:8,0
DA:12,13
DA:16,6
DA:23,1
DA:28,0
DA:29,0
DA:35,1
DA:37,0
DA:38,0
DA:44,0
DA:46,0
DA:47,0
LF:14
LH:5
end_of_record
SF:lib/blocs/location/location_state.dart
DA:5,2
DA:7,1
DA:8,1
DA:19,1
DA:24,1
DA:25,3
DA:27,0
DA:31,0
DA:32,0
DA:33,0
DA:41,1
DA:43,1
DA:44,2
DA:51,0
DA:56,0
DA:57,0
LF:16
LH:9
end_of_record
SF:lib/extensions/localization_extension.dart
DA:5,12
DA:9,0
DA:10,0
DA:15,4
DA:16,10
LF:5
LH:3
end_of_record
SF:lib/blocs/language/language_bloc.dart
DA:10,6
DA:11,4
DA:12,4
DA:15,2
DA:20,2
DA:21,0
DA:23,0
DA:24,0
DA:26,0
DA:30,1
DA:31,1
DA:33,1
DA:39,1
DA:44,1
DA:45,0
DA:47,0
DA:50,0
DA:51,0
DA:52,0
DA:53,0
LF:20
LH:10
end_of_record
SF:lib/blocs/language/language_event.dart
DA:4,6
DA:6,0
DA:7,0
DA:13,1
DA:15,0
DA:16,0
DA:20,6
LF:7
LH:3
end_of_record
SF:lib/blocs/language/language_state.dart
DA:4,2
DA:6,0
DA:7,0
DA:16,1
DA:21,1
DA:22,3
DA:28,0
DA:30,0
DA:31,0
LF:9
LH:4
end_of_record
SF:lib/blocs/geofence/geofence_bloc.dart
DA:10,0
DA:12,0
DA:13,0
DA:14,0
DA:15,0
DA:16,0
DA:17,0
DA:20,0
DA:24,0
DA:26,0
DA:27,0
DA:28,0
DA:30,0
DA:34,0
DA:39,0
DA:42,0
DA:43,0
DA:44,0
DA:46,0
DA:50,0
DA:55,0
DA:56,0
DA:58,0
DA:60,0
DA:64,0
DA:69,0
DA:70,0
DA:71,0
DA:73,0
DA:77,0
DA:82,0
DA:83,0
DA:85,0
LF:33
LH:0
end_of_record
SF:lib/repositories/geofence_repository.dart
DA:15,0
DA:16,0
DA:18,0
DA:21,0
DA:23,0
DA:24,0
DA:28,0
DA:31,0
DA:33,0
DA:38,0
DA:41,0
DA:43,0
DA:44,0
DA:48,0
DA:51,0
DA:53,0
DA:54,0
DA:58,0
DA:61,0
DA:63,0
LF:20
LH:0
end_of_record
SF:lib/blocs/geofence/geofence_event.dart
DA:5,10
DA:7,0
DA:8,0
DA:12,10
DA:18,0
DA:20,0
DA:21,0
DA:27,0
DA:29,0
DA:30,0
DA:34,0
DA:38,0
LF:12
LH:2
end_of_record
SF:lib/blocs/geofence/geofence_state.dart
DA:5,5
DA:7,0
DA:8,0
DA:19,5
DA:21,0
DA:22,0
DA:24,0
DA:28,0
DA:29,0
DA:30,0
DA:38,0
DA:40,0
DA:41,0
DA:48,0
DA:50,0
DA:51,0
LF:16
LH:2
end_of_record
SF:lib/l10n/app_localizations.dart
DA:67,3
DA:71,1
DA:72,1
DA:476,5
DA:478,1
DA:480,2
DA:483,1
DA:484,3
DA:486,0
DA:490,1
DA:494,1
DA:495,2
DA:496,0
DA:497,0
DA:498,0
DA:501,0
LF:16
LH:11
end_of_record
SF:lib/l10n/app_localizations_en.dart
DA:9,2
DA:11,1
DA:14,0
DA:17,0
DA:20,0
DA:23,0
DA:26,0
DA:29,0
DA:32,0
DA:35,0
DA:38,0
DA:41,0
DA:44,0
DA:47,0
DA:50,0
DA:53,0
DA:56,0
DA:59,0
DA:62,0
DA:65,0
DA:68,0
DA:71,0
DA:74,0
DA:77,0
DA:80,0
DA:83,0
DA:86,0
DA:89,0
DA:92,0
DA:95,0
DA:98,0
DA:101,0
DA:104,0
DA:107,0
DA:110,1
DA:113,0
DA:116,0
DA:119,0
DA:122,0
DA:125,0
DA:128,0
DA:131,0
DA:134,0
DA:137,0
DA:140,0
DA:143,0
DA:146,0
DA:149,0
DA:152,0
DA:155,0
DA:158,0
DA:161,0
DA:164,0
DA:167,0
DA:170,0
DA:173,0
DA:176,0
DA:179,0
DA:182,0
DA:185,0
DA:188,0
DA:191,0
DA:194,0
LF:63
LH:3
end_of_record
SF:lib/l10n/app_localizations_ms.dart
DA:9,0
DA:11,0
DA:14,0
DA:17,0
DA:20,0
DA:23,0
DA:26,0
DA:29,0
DA:32,0
DA:35,0
DA:38,0
DA:41,0
DA:44,0
DA:47,0
DA:50,0
DA:53,0
DA:56,0
DA:59,0
DA:62,0
DA:65,0
DA:68,0
DA:71,0
DA:74,0
DA:77,0
DA:80,0
DA:83,0
DA:86,0
DA:89,0
DA:92,0
DA:95,0
DA:98,0
DA:101,0
DA:104,0
DA:107,0
DA:110,0
DA:113,0
DA:116,0
DA:119,0
DA:122,0
DA:125,0
DA:128,0
DA:131,0
DA:134,0
DA:137,0
DA:140,0
DA:143,0
DA:146,0
DA:149,0
DA:152,0
DA:155,0
DA:158,0
DA:161,0
DA:164,0
DA:167,0
DA:170,0
DA:173,0
DA:176,0
DA:179,0
DA:182,0
DA:185,0
DA:188,0
DA:191,0
DA:194,0
LF:63
LH:0
end_of_record
SF:lib/l10n/app_localizations_th.dart
DA:9,0
DA:11,0
DA:14,0
DA:17,0
DA:20,0
DA:23,0
DA:26,0
DA:29,0
DA:32,0
DA:35,0
DA:38,0
DA:41,0
DA:44,0
DA:47,0
DA:50,0
DA:53,0
DA:56,0
DA:59,0
DA:62,0
DA:65,0
DA:68,0
DA:71,0
DA:74,0
DA:77,0
DA:80,0
DA:83,0
DA:86,0
DA:89,0
DA:92,0
DA:95,0
DA:98,0
DA:101,0
DA:104,0
DA:107,0
DA:110,0
DA:113,0
DA:116,0
DA:119,0
DA:122,0
DA:125,0
DA:128,0
DA:131,0
DA:134,0
DA:137,0
DA:140,0
DA:143,0
DA:146,0
DA:149,0
DA:152,0
DA:155,0
DA:158,0
DA:161,0
DA:164,0
DA:167,0
DA:170,0
DA:173,0
DA:176,0
DA:179,0
DA:182,0
DA:185,0
DA:188,0
DA:191,0
DA:194,0
LF:63
LH:0
end_of_record
SF:lib/l10n/app_localizations_vi.dart
DA:9,0
DA:11,0
DA:14,0
DA:17,0
DA:20,0
DA:23,0
DA:26,0
DA:29,0
DA:32,0
DA:35,0
DA:38,0
DA:41,0
DA:44,0
DA:47,0
DA:50,0
DA:53,0
DA:56,0
DA:59,0
DA:62,0
DA:65,0
DA:68,0
DA:71,0
DA:74,0
DA:77,0
DA:80,0
DA:83,0
DA:86,0
DA:89,0
DA:92,0
DA:95,0
DA:98,0
DA:101,0
DA:104,0
DA:107,0
DA:110,0
DA:113,0
DA:116,0
DA:119,0
DA:122,0
DA:125,0
DA:128,0
DA:131,0
DA:134,0
DA:137,0
DA:140,0
DA:143,0
DA:146,0
DA:149,0
DA:152,0
DA:155,0
DA:158,0
DA:161,0
DA:164,0
DA:167,0
DA:170,0
DA:173,0
DA:176,0
DA:179,0
DA:182,0
DA:185,0
DA:188,0
DA:191,0
DA:194,0
LF:63
LH:0
end_of_record
SF:lib/main.dart
DA:18,0
DA:19,0
DA:23,6
DA:25,1
DA:27,1
DA:28,1
DA:29,1
DA:30,3
DA:32,1
DA:33,1
DA:34,2
DA:35,1
DA:37,1
DA:38,0
DA:39,0
DA:40,0
DA:43,1
DA:44,1
DA:46,1
DA:47,0
DA:50,1
DA:51,1
DA:53,1
DA:55,1
DA:61,1
DA:62,1
LF:26
LH:20
end_of_record
SF:lib/routes/app_router.dart
DA:11,2
DA:12,2
DA:13,2
DA:14,3
DA:15,1
DA:16,1
DA:17,1
DA:18,1
DA:20,1
DA:21,0
LF:10
LH:9
end_of_record
SF:lib/screens/home_screen.dart
DA:16,5
DA:18,1
DA:19,1
DA:25,1
DA:27,1
DA:28,3
DA:29,1
DA:33,1
DA:35,3
DA:39,1
DA:42,0
DA:43,0
DA:46,0
DA:50,1
DA:52,1
DA:53,1
DA:54,3
DA:55,3
DA:56,1
DA:58,1
DA:60,0
DA:64,1
DA:65,1
DA:66,1
DA:70,1
DA:71,0
DA:74,1
DA:75,0
DA:77,0
DA:79,0
DA:80,0
DA:82,0
DA:83,0
DA:86,0
DA:87,0
DA:88,0
DA:89,0
DA:99,1
DA:100,0
DA:101,2
DA:107,0
DA:111,0
DA:112,0
DA:113,0
DA:114,0
DA:115,0
DA:116,0
DA:118,0
DA:121,0
DA:122,0
DA:123,0
DA:124,0
DA:125,0
DA:126,0
DA:129,0
DA:130,0
DA:132,0
DA:133,0
DA:135,0
DA:136,0
DA:138,0
DA:139,0
DA:141,0
DA:142,0
DA:144,0
DA:146,0
DA:147,0
DA:148,0
DA:157,0
DA:158,0
DA:159,0
DA:160,0
LF:72
LH:24
end_of_record
SF:lib/screens/add_location_screen.dart
DA:10,5
DA:12,0
DA:13,0
DA:30,0
DA:32,0
DA:33,0
DA:36,0
DA:38,0
DA:39,0
DA:40,0
DA:41,0
DA:42,0
DA:43,0
DA:44,0
DA:47,0
DA:48,0
DA:49,0
DA:53,0
DA:57,0
DA:58,0
DA:59,0
DA:60,0
DA:61,0
DA:62,0
DA:65,0
DA:66,0
DA:68,0
DA:69,0
DA:70,0
DA:71,0
DA:72,0
DA:81,0
DA:82,0
DA:83,0
DA:84,0
DA:85,0
DA:86,0
DA:87,0
DA:88,0
DA:89,0
DA:90,0
DA:91,0
DA:94,0
DA:95,0
DA:99,0
DA:101,0
DA:102,0
DA:103,0
DA:104,0
DA:106,0
DA:108,0
DA:110,0
DA:111,0
DA:112,0
DA:114,0
DA:116,0
DA:117,0
DA:118,0
DA:120,0
DA:124,0
DA:125,0
DA:126,0
DA:135,0
DA:136,0
DA:137,0
DA:138,0
DA:142,0
DA:143,0
DA:144,0
DA:146,0
DA:155,0
DA:156,0
DA:157,0
DA:159,0
DA:165,0
DA:166,0
DA:167,0
DA:169,0
DA:178,0
DA:179,0
DA:181,0
DA:183,0
DA:184,0
DA:185,0
DA:193,0
DA:194,0
DA:195,0
DA:196,0
DA:197,0
DA:199,0
DA:200,0
DA:209,0
DA:210,0
DA:211,0
DA:213,0
DA:215,0
DA:229,0
DA:230,0
DA:231,0
DA:232,0
DA:233,0
DA:240,0
DA:241,0
DA:244,0
DA:245,0
DA:253,0
DA:254,0
DA:255,0
DA:262,0
DA:263,0
DA:266,0
DA:267,0
DA:279,0
DA:280,0
DA:281,0
DA:283,0
DA:290,0
DA:291,0
DA:292,0
DA:295,0
DA:296,0
DA:297,0
DA:299,0
DA:308,0
DA:309,0
DA:310,0
DA:312,0
DA:315,0
DA:316,0
LF:129
LH:1
end_of_record
SF:lib/screens/history_screen.dart
DA:10,5
DA:12,0
DA:13,0
DA:19,0
DA:21,0
DA:23,0
DA:26,0
DA:28,0
DA:29,0
DA:30,0
DA:31,0
DA:33,0
DA:34,0
DA:35,0
DA:36,0
DA:37,0
DA:38,0
DA:41,0
DA:42,0
DA:44,0
DA:45,0
DA:48,0
DA:50,0
DA:52,0
DA:54,0
DA:55,0
DA:58,0
DA:60,0
DA:61,0
DA:72,0
DA:73,0
DA:74,0
DA:78,0
DA:79,0
DA:82,0
DA:83,0
DA:85,0
DA:86,0
DA:87,0
DA:89,0
DA:90,0
DA:92,0
DA:93,0
DA:95,0
DA:98,0
DA:99,0
DA:101,0
DA:108,0
DA:110,0
DA:111,0
DA:112,0
DA:113,0
DA:124,0
DA:127,0
DA:129,0
DA:130,0
DA:131,0
DA:133,0
DA:134,0
DA:136,0
DA:137,0
DA:139,0
DA:140,0
DA:142,0
DA:143,0
DA:145,0
DA:146,0
DA:153,0
DA:154,0
DA:156,0
DA:157,0
DA:158,0
DA:161,0
DA:163,0
DA:164,0
DA:167,0
DA:169,0
DA:170,0
DA:171,0
DA:172,0
DA:173,0
DA:179,0
DA:180,0
DA:181,0
DA:183,0
DA:184,0
DA:185,0
DA:189,0
DA:190,0
DA:191,0
DA:195,0
DA:200,0
DA:201,0
DA:204,0
DA:205,0
DA:206,0
DA:207,0
DA:209,0
DA:210,0
DA:211,0
DA:214,0
DA:218,0
DA:219,0
DA:220,0
DA:221,0
DA:222,0
DA:223,0
DA:226,0
DA:227,0
DA:228,0
DA:231,0
DA:232,0
DA:235,0
DA:236,0
DA:238,0
DA:240,0
DA:241,0
DA:246,0
DA:247,0
DA:248,0
DA:249,0
LF:121
LH:1
end_of_record
SF:lib/widgets/current_location_card.dart
DA:8,1
DA:10,1
DA:12,0
DA:13,0
DA:15,0
DA:17,0
DA:18,0
DA:19,0
DA:22,0
DA:23,1
DA:30,0
DA:35,0
DA:37,0
DA:39,0
DA:40,0
DA:51,0
DA:52,0
DA:53,0
DA:54,0
DA:57,0
DA:58,0
DA:61,0
DA:62,0
DA:63,0
DA:66,0
DA:67,0
LF:26
LH:3
end_of_record
SF:lib/widgets/status_card.dart
DA:10,0
DA:12,0
DA:14,0
DA:15,0
DA:17,0
DA:19,0
DA:20,0
DA:21,0
DA:25,0
DA:26,0
DA:28,0
DA:29,0
DA:31,0
DA:32,0
DA:34,0
DA:35,0
DA:37,0
DA:38,0
DA:43,0
DA:44,0
LF:20
LH:0
end_of_record
SF:lib/widgets/locations_list.dart
DA:12,0
DA:19,0
DA:21,0
DA:22,0
DA:24,0
DA:26,0
DA:27,0
DA:28,0
DA:31,0
DA:32,0
DA:41,0
DA:42,0
DA:43,0
DA:44,0
DA:50,0
DA:51,0
DA:53,0
DA:54,0
LF:18
LH:0
end_of_record
SF:lib/widgets/language_selector.dart
DA:8,5
DA:10,1
DA:12,1
DA:13,1
DA:14,1
DA:15,0
DA:16,0
DA:17,0
DA:19,0
DA:20,0
DA:22,0
DA:23,0
DA:28,0
DA:30,0
DA:31,0
DA:36,0
DA:38,0
DA:39,0
LF:18
LH:5
end_of_record
SF:lib/widgets/location_card.dart
DA:14,1
DA:21,1
DA:26,1
DA:27,1
DA:28,2
DA:29,2
DA:30,2
DA:31,2
DA:33,3
DA:36,1
DA:37,1
DA:38,1
DA:41,1
DA:42,1
DA:43,1
DA:45,0
DA:46,1
DA:50,1
DA:51,1
DA:52,1
DA:54,0
DA:55,0
DA:56,0
DA:57,0
DA:64,1
DA:66,1
DA:68,1
DA:70,1
DA:71,1
DA:72,1
DA:74,1
DA:75,1
DA:76,1
DA:78,1
DA:80,1
DA:85,1
DA:86,1
DA:88,1
DA:89,1
DA:90,2
DA:96,1
DA:97,2
DA:98,1
DA:100,1
DA:108,1
DA:109,2
DA:110,0
DA:111,0
DA:112,0
DA:113,0
DA:125,1
DA:126,2
DA:127,2
DA:132,1
DA:136,0
DA:138,1
DA:140,0
DA:141,1
DA:142,1
DA:143,1
DA:145,0
DA:146,1
DA:149,0
DA:150,0
DA:151,0
DA:153,0
DA:154,0
DA:155,1
DA:156,0
DA:158,0
DA:161,0
DA:162,0
DA:163,0
DA:168,0
DA:174,0
DA:176,0
DA:177,0
DA:178,0
DA:179,0
DA:181,0
DA:184,0
DA:185,0
DA:186,0
DA:189,0
DA:195,0
DA:200,0
DA:202,0
DA:204,0
DA:206,0
DA:208,0
LF:90
LH:51
end_of_record
